d:\c\projekty\brutus\debug\brutus.lib
d:\c\projekty\brutus\debug\brutus.exp
d:\c\projekty\brutus\debug\vc140.pdb
d:\c\projekty\brutus\debug\vc140.idb
d:\c\projekty\brutus\debug\gamemodels.obj
d:\c\projekty\brutus\debug\shaderloader.obj
d:\c\projekty\brutus\debug\main.obj
d:\c\projekty\brutus\debug\net.obj
d:\c\projekty\brutus\debug\tools.obj
d:\c\projekty\brutus\debug\neuro.obj
d:\c\projekty\brutus\debug\serializer.obj
d:\c\projekty\brutus\debug\brutus.ilk
d:\c\projekty\brutus\debug\brutus.exe
d:\c\projekty\brutus\debug\brutus.pdb
d:\c\projekty\brutus\debug\brutus.tlog\brutus.write.1u.tlog
d:\c\projekty\brutus\debug\brutus.tlog\cl.command.1.tlog
d:\c\projekty\brutus\debug\brutus.tlog\cl.read.1.tlog
d:\c\projekty\brutus\debug\brutus.tlog\cl.write.1.tlog
d:\c\projekty\brutus\debug\brutus.tlog\link.command.1.tlog
d:\c\projekty\brutus\debug\brutus.tlog\link.read.1.tlog
d:\c\projekty\brutus\debug\brutus.tlog\link.write.1.tlog
